COMET INFO: Experiment is live on comet.com https://www.comet.com/lorenzovalente3/jvae/117b126e8cc94631b6ad844d5feaf476

2023-10-23 16:18:21.703472: W tensorflow/stream_executor/platform/default/dso_loader.cc:64] Could not load dynamic library 'libcudnn.so.8'; dlerror: libcudnn.so.8: cannot open shared object file: No such file or directory
2023-10-23 16:18:21.703521: W tensorflow/core/common_runtime/gpu/gpu_device.cc:1850] Cannot dlopen some GPU libraries. Please make sure the missing libraries mentioned above are installed properly if you would like to use GPU. Follow the guide at https://www.tensorflow.org/install/gpu for how to download and setup the required libraries for your platform.
Skipping registering GPU devices...
2023-10-23 16:18:21.704217: I tensorflow/core/platform/cpu_feature_guard.cc:151] This TensorFlow binary is optimized with oneAPI Deep Neural Network Library (oneDNN) to use the following CPU instructions in performance-critical operations:  AVX2 FMA
To enable them in other operations, rebuild TensorFlow with the appropriate compiler flags.
COMET WARNING: An unknown exception happened in Keras callback on_train_begin; ignoring
COMET INFO: ---------------------------------------------------------------------------------------
COMET INFO: Comet.ml Experiment Summary
COMET INFO: ---------------------------------------------------------------------------------------
COMET INFO:   Data:
COMET INFO:     display_summary_level : 1
COMET INFO:     url                   : https://www.comet.com/lorenzovalente3/jvae/117b126e8cc94631b6ad844d5feaf476
COMET INFO:   Metrics [count] (min, max):
COMET INFO:     batch_grads_norm [595]                    : (0.4372738301753998, 246.41236877441406)
COMET INFO:     batch_kl_cont_loss_tracker [595]          : (0.0012106745271012187, 5.668387413024902)
COMET INFO:     batch_kl_disc_loss_tracker [595]          : (-0.0002556963299866766, 0.16202323138713837)
COMET INFO:     batch_loss [595]                          : (24383.53515625, 24389.376953125)
COMET INFO:     batch_mse [595]                           : (1598.084228515625, 1598.2379150390625)
COMET INFO:     batch_pred_energy [595]                   : (1599.9998779296875, 1600.0001220703125)
COMET INFO:     batch_ssim [595]                          : (0.0009304991690441966, 0.0009640979114919901)
COMET INFO:     batch_true_energy                         : 1.0
COMET INFO:     batch_weights_norm [595]                  : (46.851505279541016, 46.88779830932617)
COMET INFO:     epoch_duration [5]                        : (166.5263947993517, 175.41140642017126)
COMET INFO:     grads_norm [5]                            : (0.4372738301753998, 1.011446237564087)
COMET INFO:     kl_cont_loss_tracker [5]                  : (0.0012106745271012187, 0.0076689706183969975)
COMET INFO:     kl_disc_loss_tracker [5]                  : (-0.0002556963299866766, -5.60521766601596e-05)
COMET INFO:     loss [5]                                  : (24383.865234375, 24383.978515625)
COMET INFO:     lr [5]                                    : (0.0005000000237487257, 0.0010000000474974513)
COMET INFO:     mse [5]                                   : (1598.084228515625, 1598.2269287109375)
COMET INFO:     pred_energy [5]                           : (1600.0, 1600.0001220703125)
COMET INFO:     ssim [5]                                  : (0.0009347827872261405, 0.0009593275608494878)
COMET INFO:     train_loss [5]                            : (24383.865234375, 24383.978515625)
COMET INFO:     true_energy                               : 1.0
COMET INFO:     val_grads_norm [5]                        : (0.4372738301753998, 1.011446237564087)
COMET INFO:     val_kl_cont_loss_tracker [5]              : (0.0011501023545861244, 0.0057505108416080475)
COMET INFO:     val_kl_disc_loss_tracker [5]              : (-0.00025451957480981946, -0.00011149808415211737)
COMET INFO:     val_loss [10]                             : (24383.8984375, 24383.98046875)
COMET INFO:     val_mse [5]                               : (1598.0799560546875, 1598.22998046875)
COMET INFO:     val_pred_energy [5]                       : (1600.0, 1600.0001220703125)
COMET INFO:     val_ssim [5]                              : (0.0009637809125706553, 0.0009641185752116144)
COMET INFO:     val_true_energy                           : 1.0
COMET INFO:     val_weights_norm [5]                      : (46.8785285949707, 46.886573791503906)
COMET INFO:     validate_batch_grads_norm [200]           : (0.4372738301753998, 1.011446237564087)
COMET INFO:     validate_batch_kl_cont_loss_tracker [200] : (0.0011505406582728028, 0.007662482559680939)
COMET INFO:     validate_batch_kl_disc_loss_tracker [200] : (-0.0002556927502155304, -5.622842218144797e-05)
COMET INFO:     validate_batch_loss [200]                 : (24383.865234375, 24383.98046875)
COMET INFO:     validate_batch_mse [200]                  : (1598.080078125, 1598.22998046875)
COMET INFO:     validate_batch_pred_energy [200]          : (1600.0, 1600.0001220703125)
COMET INFO:     validate_batch_ssim [200]                 : (0.0009348962339572608, 0.0009640392381697893)
COMET INFO:     validate_batch_true_energy                : 1.0
COMET INFO:     validate_batch_weights_norm [200]         : (46.8785285949707, 46.887107849121094)
COMET INFO:     weights_norm [5]                          : (46.87871170043945, 46.887107849121094)
COMET INFO:   Parameters:
COMET INFO:     Adam_amsgrad       : False
COMET INFO:     Adam_beta_1        : 0.9
COMET INFO:     Adam_beta_2        : 0.999
COMET INFO:     Adam_clipnorm      : 1
COMET INFO:     Adam_decay         : 0.0
COMET INFO:     Adam_epsilon       : 1e-07
COMET INFO:     Adam_learning_rate : 0.001
COMET INFO:     Optimizer          : Adam
COMET INFO:   Uploads:
COMET INFO:     conda-environment-definition : 1
COMET INFO:     conda-info                   : 1
COMET INFO:     conda-specification          : 1
COMET INFO:     environment details          : 1
COMET INFO:     filename                     : 1
COMET INFO:     git metadata                 : 1
COMET INFO:     git-patch (uncompressed)     : 1 (2.22 KB)
COMET INFO:     installed packages           : 1
COMET INFO:     os packages                  : 1
COMET INFO:     source_code                  : 1 (3.35 KB)
COMET INFO: 
COMET INFO: Please wait for metadata to finish uploading (timeout is 3600 seconds)
