COMET INFO: Experiment is live on comet.com https://www.comet.com/lorenzovalente3/jvae/5f003c49c4744f589dee64a421a24fff

2023-10-23 15:40:14.312916: W tensorflow/stream_executor/platform/default/dso_loader.cc:64] Could not load dynamic library 'libcudnn.so.8'; dlerror: libcudnn.so.8: cannot open shared object file: No such file or directory
2023-10-23 15:40:14.312961: W tensorflow/core/common_runtime/gpu/gpu_device.cc:1850] Cannot dlopen some GPU libraries. Please make sure the missing libraries mentioned above are installed properly if you would like to use GPU. Follow the guide at https://www.tensorflow.org/install/gpu for how to download and setup the required libraries for your platform.
Skipping registering GPU devices...
2023-10-23 15:40:14.314357: I tensorflow/core/platform/cpu_feature_guard.cc:151] This TensorFlow binary is optimized with oneAPI Deep Neural Network Library (oneDNN) to use the following CPU instructions in performance-critical operations:  AVX2 FMA
To enable them in other operations, rebuild TensorFlow with the appropriate compiler flags.
COMET WARNING: An unknown exception happened in Keras callback on_train_begin; ignoring
COMET INFO: ---------------------------------------------------------------------------------------
COMET INFO: Comet.ml Experiment Summary
COMET INFO: ---------------------------------------------------------------------------------------
COMET INFO:   Data:
COMET INFO:     display_summary_level : 1
COMET INFO:     url                   : https://www.comet.com/lorenzovalente3/jvae/5f003c49c4744f589dee64a421a24fff
COMET INFO:   Metrics [count] (min, max):
COMET INFO:     batch_kl_cont_loss [1785]                : (0.14050385355949402, 240526.53125)
COMET INFO:     batch_kl_disc_loss [1785]                : (0.003566499799489975, 2236.06689453125)
COMET INFO:     batch_loss [1785]                        : (6.189280033111572, 243557.75)
COMET INFO:     batch_mse [1785]                         : (0.17146402597427368, 266.33868408203125)
COMET INFO:     batch_psnr [1785]                        : (7.851400375366211, 40.72237014770508)
COMET INFO:     batch_reconstruction_loss [1785]         : (5.864295959472656, 795.1534423828125)
COMET INFO:     batch_ssim [1785]                        : (0.01028054766356945, 0.9433904886245728)
COMET INFO:     epoch_duration [15]                      : (2603.8584957439452, 2620.7449445398524)
COMET INFO:     kl_cont_loss [15]                        : (0.14649401605129242, 1042.7921142578125)
COMET INFO:     kl_disc_loss [15]                        : (0.00545902643352747, 15.706733703613281)
COMET INFO:     loss [15]                                : (6.198190689086914, 1066.010009765625)
COMET INFO:     lr                                       : 0.0010000000474974513
COMET INFO:     mse [15]                                 : (0.18949317932128906, 0.5917683839797974)
COMET INFO:     psnr [15]                                : (40.23771667480469, 40.37335968017578)
COMET INFO:     reconstruction_loss [15]                 : (6.046234130859375, 7.5121307373046875)
COMET INFO:     ssim [15]                                : (0.9372193217277527, 0.9418798089027405)
COMET INFO:     train_loss [15]                          : (6.198190689086914, 1066.010009765625)
COMET INFO:     val_kl_cont_loss [15]                    : (0.09925965964794159, 115.1524658203125)
COMET INFO:     val_kl_disc_loss [15]                    : (0.003574502421543002, 0.9695424437522888)
COMET INFO:     val_loss [30]                            : (6.149294376373291, 121.88715362548828)
COMET INFO:     val_mse [15]                             : (0.18759872019290924, 0.18792720139026642)
COMET INFO:     val_psnr [15]                            : (40.35792541503906, 40.434059143066406)
COMET INFO:     val_reconstruction_loss [15]             : (6.045915603637695, 6.055286884307861)
COMET INFO:     val_ssim [15]                            : (0.9418769478797913, 0.9423322677612305)
COMET INFO:     validate_batch_kl_cont_loss [600]        : (0.09921379387378693, 115.2646484375)
COMET INFO:     validate_batch_kl_disc_loss [600]        : (0.0035706907510757446, 0.972735583782196)
COMET INFO:     validate_batch_loss [600]                : (6.126587867736816, 121.98110961914062)
COMET INFO:     validate_batch_mse [600]                 : (0.1721629798412323, 0.18846139311790466)
COMET INFO:     validate_batch_psnr [600]                : (40.340003967285156, 40.787635803222656)
COMET INFO:     validate_batch_reconstruction_loss [600] : (6.023492813110352, 6.089855194091797)
COMET INFO:     validate_batch_ssim [600]                : (0.9414849281311035, 0.9437488913536072)
COMET INFO:   Parameters:
COMET INFO:     Adam_amsgrad       : False
COMET INFO:     Adam_beta_1        : 0.9
COMET INFO:     Adam_beta_2        : 0.999
COMET INFO:     Adam_clipnorm      : 1
COMET INFO:     Adam_decay         : 0.0
COMET INFO:     Adam_epsilon       : 1e-07
COMET INFO:     Adam_learning_rate : 0.001
COMET INFO:     Optimizer          : Adam
COMET INFO:   Uploads:
COMET INFO:     conda-environment-definition : 1
COMET INFO:     conda-info                   : 1
COMET INFO:     conda-specification          : 1
COMET INFO:     environment details          : 1
COMET INFO:     filename                     : 1
COMET INFO:     git metadata                 : 1
COMET INFO:     git-patch (uncompressed)     : 1 (2.22 KB)
COMET INFO:     installed packages           : 1
COMET INFO:     os packages                  : 1
COMET INFO:     source_code                  : 1 (3.49 KB)
COMET INFO: 
COMET INFO: Please wait for metadata to finish uploading (timeout is 3600 seconds)
